0 info it worked if it ends with ok
1 verbose cli [ 'C:\\Program Files\\nodejs\\node.exe',
1 verbose cli   'C:\\Program Files\\nodejs\\node_modules\\npm\\bin\\npm-cli.js',
1 verbose cli   'start' ]
2 info using npm@3.10.10
3 info using node@v6.11.4
4 verbose run-script [ 'prestart', 'start', 'poststart' ]
5 info lifecycle git-test@1.0.0~prestart: git-test@1.0.0
6 silly lifecycle git-test@1.0.0~prestart: no script for prestart, continuing
7 info lifecycle git-test@1.0.0~start: git-test@1.0.0
8 verbose lifecycle git-test@1.0.0~start: unsafe-perm in lifecycle true
9 verbose lifecycle git-test@1.0.0~start: PATH: C:\Program Files\nodejs\node_modules\npm\bin\node-gyp-bin;C:\Users\saisashank\Desktop\git-test\node_modules\.bin;C:\ProgramData\Oracle\Java\javapath;C:\WINDOWS\system32;C:\WINDOWS;C:\WINDOWS\System32\Wbem;C:\WINDOWS\System32\WindowsPowerShell\v1.0\;c:\Program Files (x86)\Microsoft SQL Server\110\Tools\Binn\;c:\Program Files\Microsoft SQL Server\110\Tools\Binn\;c:\Program Files\Microsoft SQL Server\110\DTS\Binn\;c:\Program Files (x86)\Microsoft SQL Server\110\Tools\Binn\ManagementStudio\;c:\Program Files (x86)\Microsoft SQL Server\110\DTS\Binn\;C:\Program Files (x86)\Windows Kits\8.1\Windows Performance Toolkit\;C:\Program Files (x86)\Common Files\lenovo\easyplussdk\bin;C:\Program Files\PuTTY\;C:\Program Files\Amazon\AWSCLI\;C:\Program Files (x86)\Skype\Phone\;C:\Program Files\WIDCOMM\Bluetooth Software\;C:\Program Files\WIDCOMM\Bluetooth Software\syswow64;C:\Android;C:\Windows\System32;C:\Program Files (x86)\Brackets\command;C:\Program Files\Git\cmd;C:\Program Files\nodejs\;C:\Users\saisashank\Anaconda3;C:\Users\saisashank\Anaconda3\Scripts;C:\Users\saisashank\Anaconda3\Library\bin;C:\Windows\Microsoft.NET\Framework\v4.0.30319;C:\Users\saisashank\AppData\Local\Microsoft\WindowsApps;C:\Users\saisashank\AppData\Roaming\npm
10 verbose lifecycle git-test@1.0.0~start: CWD: C:\Users\saisashank\Desktop\git-test
11 silly lifecycle git-test@1.0.0~start: Args: [ '/d /s /c', 'npm run lite' ]
12 silly lifecycle git-test@1.0.0~start: Returned: code: 3221225786  signal: null
13 info lifecycle git-test@1.0.0~start: Failed to exec start script
14 verbose stack Error: git-test@1.0.0 start: `npm run lite`
14 verbose stack Exit status 3221225786
14 verbose stack     at EventEmitter.<anonymous> (C:\Program Files\nodejs\node_modules\npm\lib\utils\lifecycle.js:255:16)
14 verbose stack     at emitTwo (events.js:106:13)
14 verbose stack     at EventEmitter.emit (events.js:191:7)
14 verbose stack     at ChildProcess.<anonymous> (C:\Program Files\nodejs\node_modules\npm\lib\utils\spawn.js:40:14)
14 verbose stack     at emitTwo (events.js:106:13)
14 verbose stack     at ChildProcess.emit (events.js:191:7)
14 verbose stack     at maybeClose (internal/child_process.js:920:16)
14 verbose stack     at Process.ChildProcess._handle.onexit (internal/child_process.js:230:5)
15 verbose pkgid git-test@1.0.0
16 verbose cwd C:\Users\saisashank\Desktop\git-test
17 error Windows_NT 10.0.14393
18 error argv "C:\\Program Files\\nodejs\\node.exe" "C:\\Program Files\\nodejs\\node_modules\\npm\\bin\\npm-cli.js" "start"
19 error node v6.11.4
20 error npm  v3.10.10
21 error code ELIFECYCLE
22 error git-test@1.0.0 start: `npm run lite`
22 error Exit status 3221225786
23 error Failed at the git-test@1.0.0 start script 'npm run lite'.
23 error Make sure you have the latest version of node.js and npm installed.
23 error If you do, this is most likely a problem with the git-test package,
23 error not with npm itself.
23 error Tell the author that this fails on your system:
23 error     npm run lite
23 error You can get information on how to open an issue for this project with:
23 error     npm bugs git-test
23 error Or if that isn't available, you can get their info via:
23 error     npm owner ls git-test
23 error There is likely additional logging output above.
24 verbose exit [ 1, true ]
